[debug] [2024-12-14T17:08:29.130Z] ----------------------------------------------------------------------
[debug] [2024-12-14T17:08:29.134Z] Command:       C:\Program Files\nodejs\node.exe C:\Users\coloi\AppData\Roaming\npm\node_modules\firebase-tools\lib\bin\firebase.js deploy --only functions:event_cleanup
[debug] [2024-12-14T17:08:29.134Z] CLI Version:   13.29.1
[debug] [2024-12-14T17:08:29.135Z] Platform:      win32
[debug] [2024-12-14T17:08:29.135Z] Node Version:  v22.12.0
[debug] [2024-12-14T17:08:29.135Z] Time:          Sat Dec 14 2024 17:08:29 GMT+0000 (hora estándar de Europa occidental)
[debug] [2024-12-14T17:08:29.135Z] ----------------------------------------------------------------------
[debug] 
[debug] [2024-12-14T17:08:29.210Z] > command requires scopes: ["email","openid","https://www.googleapis.com/auth/cloudplatformprojects.readonly","https://www.googleapis.com/auth/firebase","https://www.googleapis.com/auth/cloud-platform"]
[debug] [2024-12-14T17:08:29.211Z] > authorizing via signed-in user (iiinvitee.me@gmail.com)
[debug] [2024-12-14T17:08:29.211Z] [iam] checking project invite-me-32a07 for permissions ["cloudfunctions.functions.create","cloudfunctions.functions.delete","cloudfunctions.functions.get","cloudfunctions.functions.list","cloudfunctions.functions.update","cloudfunctions.operations.get","firebase.projects.get"]
[debug] [2024-12-14T17:08:29.213Z] Checked if tokens are valid: true, expires at: 1734199133593
[debug] [2024-12-14T17:08:29.213Z] Checked if tokens are valid: true, expires at: 1734199133593
[debug] [2024-12-14T17:08:29.215Z] >>> [apiv2][query] POST https://cloudresourcemanager.googleapis.com/v1/projects/invite-me-32a07:testIamPermissions [none]
[debug] [2024-12-14T17:08:29.215Z] >>> [apiv2][(partial)header] POST https://cloudresourcemanager.googleapis.com/v1/projects/invite-me-32a07:testIamPermissions x-goog-quota-user=projects/invite-me-32a07
[debug] [2024-12-14T17:08:29.215Z] >>> [apiv2][body] POST https://cloudresourcemanager.googleapis.com/v1/projects/invite-me-32a07:testIamPermissions {"permissions":["cloudfunctions.functions.create","cloudfunctions.functions.delete","cloudfunctions.functions.get","cloudfunctions.functions.list","cloudfunctions.functions.update","cloudfunctions.operations.get","firebase.projects.get"]}
[debug] [2024-12-14T17:08:29.995Z] <<< [apiv2][status] POST https://cloudresourcemanager.googleapis.com/v1/projects/invite-me-32a07:testIamPermissions 200
[debug] [2024-12-14T17:08:29.995Z] <<< [apiv2][body] POST https://cloudresourcemanager.googleapis.com/v1/projects/invite-me-32a07:testIamPermissions {"permissions":["cloudfunctions.functions.create","cloudfunctions.functions.delete","cloudfunctions.functions.get","cloudfunctions.functions.list","cloudfunctions.functions.update","cloudfunctions.operations.get","firebase.projects.get"]}
[debug] [2024-12-14T17:08:29.996Z] Checked if tokens are valid: true, expires at: 1734199133593
[debug] [2024-12-14T17:08:29.996Z] Checked if tokens are valid: true, expires at: 1734199133593
[debug] [2024-12-14T17:08:29.996Z] >>> [apiv2][query] POST https://iam.googleapis.com/v1/projects/invite-me-32a07/serviceAccounts/invite-me-32a07@appspot.gserviceaccount.com:testIamPermissions [none]
[debug] [2024-12-14T17:08:29.996Z] >>> [apiv2][body] POST https://iam.googleapis.com/v1/projects/invite-me-32a07/serviceAccounts/invite-me-32a07@appspot.gserviceaccount.com:testIamPermissions {"permissions":["iam.serviceAccounts.actAs"]}
[debug] [2024-12-14T17:08:30.652Z] <<< [apiv2][status] POST https://iam.googleapis.com/v1/projects/invite-me-32a07/serviceAccounts/invite-me-32a07@appspot.gserviceaccount.com:testIamPermissions 200
[debug] [2024-12-14T17:08:30.653Z] <<< [apiv2][body] POST https://iam.googleapis.com/v1/projects/invite-me-32a07/serviceAccounts/invite-me-32a07@appspot.gserviceaccount.com:testIamPermissions {"permissions":["iam.serviceAccounts.actAs"]}
[info] 
[info] === Deploying to 'invite-me-32a07'...
[info] 
[info] i  deploying functions 
[info] +  functions: Finished running predeploy script. 
[debug] [2024-12-14T17:08:30.658Z] Checked if tokens are valid: true, expires at: 1734199133593
[debug] [2024-12-14T17:08:30.658Z] Checked if tokens are valid: true, expires at: 1734199133593
[debug] [2024-12-14T17:08:30.659Z] >>> [apiv2][query] GET https://cloudresourcemanager.googleapis.com/v1/projects/invite-me-32a07 [none]
[debug] [2024-12-14T17:08:30.851Z] <<< [apiv2][status] GET https://cloudresourcemanager.googleapis.com/v1/projects/invite-me-32a07 200
[debug] [2024-12-14T17:08:30.851Z] <<< [apiv2][body] GET https://cloudresourcemanager.googleapis.com/v1/projects/invite-me-32a07 {"projectNumber":"1003756781656","projectId":"invite-me-32a07","lifecycleState":"ACTIVE","name":"Invite-Me","labels":{"firebase":"enabled"},"createTime":"2024-10-17T14:10:25.356174Z"}
[info] i  functions: preparing codebase default for deployment 
[info] i  functions: preparing codebase event_cleanup for deployment 
[info] i  functions: ensuring required API cloudfunctions.googleapis.com is enabled... 
[debug] [2024-12-14T17:08:30.854Z] Checked if tokens are valid: true, expires at: 1734199133593
[debug] [2024-12-14T17:08:30.854Z] Checked if tokens are valid: true, expires at: 1734199133593
[debug] [2024-12-14T17:08:30.854Z] Checked if tokens are valid: true, expires at: 1734199133593
[debug] [2024-12-14T17:08:30.854Z] Checked if tokens are valid: true, expires at: 1734199133593
[info] i  functions: ensuring required API cloudbuild.googleapis.com is enabled... 
[debug] [2024-12-14T17:08:30.854Z] Checked if tokens are valid: true, expires at: 1734199133593
[debug] [2024-12-14T17:08:30.854Z] Checked if tokens are valid: true, expires at: 1734199133593
[info] i  artifactregistry: ensuring required API artifactregistry.googleapis.com is enabled... 
[debug] [2024-12-14T17:08:30.855Z] Checked if tokens are valid: true, expires at: 1734199133593
[debug] [2024-12-14T17:08:30.855Z] Checked if tokens are valid: true, expires at: 1734199133593
[debug] [2024-12-14T17:08:30.855Z] >>> [apiv2][query] GET https://serviceusage.googleapis.com/v1/projects/invite-me-32a07/services/cloudfunctions.googleapis.com [none]
[debug] [2024-12-14T17:08:30.855Z] >>> [apiv2][(partial)header] GET https://serviceusage.googleapis.com/v1/projects/invite-me-32a07/services/cloudfunctions.googleapis.com x-goog-quota-user=projects/invite-me-32a07
[debug] [2024-12-14T17:08:30.856Z] >>> [apiv2][query] GET https://serviceusage.googleapis.com/v1/projects/invite-me-32a07/services/runtimeconfig.googleapis.com [none]
[debug] [2024-12-14T17:08:30.857Z] >>> [apiv2][(partial)header] GET https://serviceusage.googleapis.com/v1/projects/invite-me-32a07/services/runtimeconfig.googleapis.com x-goog-quota-user=projects/invite-me-32a07
[debug] [2024-12-14T17:08:30.858Z] >>> [apiv2][query] GET https://serviceusage.googleapis.com/v1/projects/invite-me-32a07/services/cloudbuild.googleapis.com [none]
[debug] [2024-12-14T17:08:30.859Z] >>> [apiv2][(partial)header] GET https://serviceusage.googleapis.com/v1/projects/invite-me-32a07/services/cloudbuild.googleapis.com x-goog-quota-user=projects/invite-me-32a07
[debug] [2024-12-14T17:08:30.860Z] >>> [apiv2][query] GET https://serviceusage.googleapis.com/v1/projects/invite-me-32a07/services/artifactregistry.googleapis.com [none]
[debug] [2024-12-14T17:08:30.860Z] >>> [apiv2][(partial)header] GET https://serviceusage.googleapis.com/v1/projects/invite-me-32a07/services/artifactregistry.googleapis.com x-goog-quota-user=projects/invite-me-32a07
[debug] [2024-12-14T17:08:31.678Z] <<< [apiv2][status] GET https://serviceusage.googleapis.com/v1/projects/invite-me-32a07/services/cloudfunctions.googleapis.com 200
[debug] [2024-12-14T17:08:31.678Z] <<< [apiv2][body] GET https://serviceusage.googleapis.com/v1/projects/invite-me-32a07/services/cloudfunctions.googleapis.com [omitted]
[info] +  functions: required API cloudfunctions.googleapis.com is enabled 
[debug] [2024-12-14T17:08:31.679Z] <<< [apiv2][status] GET https://serviceusage.googleapis.com/v1/projects/invite-me-32a07/services/runtimeconfig.googleapis.com 200
[debug] [2024-12-14T17:08:31.680Z] <<< [apiv2][body] GET https://serviceusage.googleapis.com/v1/projects/invite-me-32a07/services/runtimeconfig.googleapis.com [omitted]
[debug] [2024-12-14T17:08:31.703Z] <<< [apiv2][status] GET https://serviceusage.googleapis.com/v1/projects/invite-me-32a07/services/artifactregistry.googleapis.com 200
[debug] [2024-12-14T17:08:31.703Z] <<< [apiv2][body] GET https://serviceusage.googleapis.com/v1/projects/invite-me-32a07/services/artifactregistry.googleapis.com [omitted]
[info] +  artifactregistry: required API artifactregistry.googleapis.com is enabled 
[debug] [2024-12-14T17:08:31.710Z] <<< [apiv2][status] GET https://serviceusage.googleapis.com/v1/projects/invite-me-32a07/services/cloudbuild.googleapis.com 200
[debug] [2024-12-14T17:08:31.710Z] <<< [apiv2][body] GET https://serviceusage.googleapis.com/v1/projects/invite-me-32a07/services/cloudbuild.googleapis.com [omitted]
[info] +  functions: required API cloudbuild.googleapis.com is enabled 
[debug] [2024-12-14T17:08:31.710Z] Checked if tokens are valid: true, expires at: 1734199133593
[debug] [2024-12-14T17:08:31.710Z] Checked if tokens are valid: true, expires at: 1734199133593
[debug] [2024-12-14T17:08:31.711Z] >>> [apiv2][query] GET https://firebase.googleapis.com/v1beta1/projects/invite-me-32a07/adminSdkConfig [none]
[debug] [2024-12-14T17:08:32.352Z] <<< [apiv2][status] GET https://firebase.googleapis.com/v1beta1/projects/invite-me-32a07/adminSdkConfig 200
[debug] [2024-12-14T17:08:32.352Z] <<< [apiv2][body] GET https://firebase.googleapis.com/v1beta1/projects/invite-me-32a07/adminSdkConfig {"projectId":"invite-me-32a07","storageBucket":"invite-me-32a07.appspot.com","locationId":"europe-west"}
[debug] [2024-12-14T17:08:32.353Z] Checked if tokens are valid: true, expires at: 1734199133593
[debug] [2024-12-14T17:08:32.353Z] Checked if tokens are valid: true, expires at: 1734199133593
[debug] [2024-12-14T17:08:32.353Z] >>> [apiv2][query] GET https://runtimeconfig.googleapis.com/v1beta1/projects/invite-me-32a07/configs [none]
[debug] [2024-12-14T17:08:32.623Z] <<< [apiv2][status] GET https://runtimeconfig.googleapis.com/v1beta1/projects/invite-me-32a07/configs 200
[debug] [2024-12-14T17:08:32.623Z] <<< [apiv2][body] GET https://runtimeconfig.googleapis.com/v1beta1/projects/invite-me-32a07/configs {}
[debug] [2024-12-14T17:08:32.624Z] Validating nodejs source
[debug] [2024-12-14T17:08:34.209Z] > [functions] package.json contents: {
  "name": "notification-functions",
  "version": "1.0.0",
  "main": "index.js",
  "scripts": {
    "test": "echo \"Error: no test specified\" && exit 1"
  },
  "keywords": [],
  "author": "",
  "license": "ISC",
  "description": "",
  "dependencies": {
    "expo-server-sdk": "^3.12.0",
    "firebase-admin": "^13.0.1",
    "firebase-functions": "^6.1.2"
  }
}
[debug] [2024-12-14T17:08:34.210Z] Building nodejs source
[info] i  functions: Loading and analyzing source code for codebase default to determine what to deploy 
[debug] [2024-12-14T17:08:34.211Z] Could not find functions.yaml. Must use http discovery
[debug] [2024-12-14T17:08:34.223Z] Found firebase-functions binary at 'C:\Users\coloi\desktop\detalles\invite-me\notification-functions\node_modules\.bin\firebase-functions'
[info] Serving at port 8926

[error] (node:15864) [DEP0040] DeprecationWarning: The `punycode` module is deprecated. Please use a userland alternative instead.
(Use `node --trace-deprecation ...` to show where the warning was created)

[debug] [2024-12-14T17:08:35.171Z] Got response from /__/functions.yaml {"endpoints":{"sendFriendRequestNotification":{"platform":"gcfv1","availableMemoryMb":null,"timeoutSeconds":null,"minInstances":null,"maxInstances":null,"ingressSettings":null,"serviceAccountEmail":null,"vpc":null,"eventTrigger":{"eventType":"providers/cloud.firestore/eventTypes/document.create","eventFilters":{"resource":"projects/invite-me-32a07/databases/(default)/documents/users/{userId}/notifications/{notificationId}"},"retry":false},"labels":{},"entryPoint":"sendFriendRequestNotification"},"sendLikeNotification":{"platform":"gcfv1","availableMemoryMb":null,"timeoutSeconds":null,"minInstances":null,"maxInstances":null,"ingressSettings":null,"serviceAccountEmail":null,"vpc":null,"eventTrigger":{"eventType":"providers/cloud.firestore/eventTypes/document.create","eventFilters":{"resource":"projects/invite-me-32a07/databases/(default)/documents/users/{userId}/notifications/{notificationId}"},"retry":false},"labels":{},"entryPoint":"sendLikeNotification"},"sendEventNotification":{"platform":"gcfv1","availableMemoryMb":null,"timeoutSeconds":null,"minInstances":null,"maxInstances":null,"ingressSettings":null,"serviceAccountEmail":null,"vpc":null,"eventTrigger":{"eventType":"providers/cloud.firestore/eventTypes/document.create","eventFilters":{"resource":"projects/invite-me-32a07/databases/(default)/documents/users/{userId}/notifications/{notificationId}"},"retry":false},"labels":{},"entryPoint":"sendEventNotification"},"sendGeneralNotification":{"platform":"gcfv1","availableMemoryMb":null,"timeoutSeconds":null,"minInstances":null,"maxInstances":null,"ingressSettings":null,"serviceAccountEmail":null,"vpc":null,"eventTrigger":{"eventType":"providers/cloud.firestore/eventTypes/document.create","eventFilters":{"resource":"projects/invite-me-32a07/databases/(default)/documents/users/{userId}/notifications/{notificationId}"},"retry":false},"labels":{},"entryPoint":"sendGeneralNotification"}},"specVersion":"v1alpha1","requiredAPIs":[],"extensions":{}}
[debug] [2024-12-14T17:08:39.206Z] Validating nodejs source
[warn] !  functions: package.json indicates an outdated version of firebase-functions. Please upgrade using npm install --save firebase-functions@latest in your functions directory. 
[warn] !  functions: Please note that there will be breaking changes when you upgrade. 
[debug] [2024-12-14T17:08:40.734Z] > [functions] package.json contents: {
  "name": "functions",
  "description": "Cloud Functions for Firebase",
  "scripts": {
    "lint": "eslint .",
    "serve": "firebase emulators:start --only functions",
    "shell": "firebase functions:shell",
    "start": "npm run shell",
    "deploy": "firebase deploy --only functions",
    "logs": "firebase functions:log"
  },
  "engines": {
    "node": "22"
  },
  "main": "index.js",
  "dependencies": {
    "firebase-admin": "^13.0.1",
    "firebase-functions": "^4.4.0",
    "moment": "^2.30.1"
  },
  "devDependencies": {
    "eslint": "^8.15.0",
    "eslint-config-google": "^0.14.0"
  },
  "private": true
}
[debug] [2024-12-14T17:08:40.735Z] Building nodejs source
[info] i  functions: Loading and analyzing source code for codebase event_cleanup to determine what to deploy 
[info] i  functions: You are using a version of firebase-functions SDK (4.9.0) that does not have support for the newest Firebase Extensions features. Please update firebase-functions SDK to >=5.1.0 to use them correctly 
[debug] [2024-12-14T17:08:40.736Z] Could not find functions.yaml. Must use http discovery
[debug] [2024-12-14T17:08:40.745Z] Found firebase-functions binary at 'C:\Users\coloi\desktop\detalles\invite-me\event_cleanup\node_modules\.bin\firebase-functions'
[info] Serving at port 8630

[error] (node:18048) [DEP0040] DeprecationWarning: The `punycode` module is deprecated. Please use a userland alternative instead.
(Use `node --trace-deprecation ...` to show where the warning was created)

[debug] [2024-12-14T17:08:41.737Z] Got response from /__/functions.yaml {"endpoints":{"deleteExpiredEvents":{"platform":"gcfv1","availableMemoryMb":null,"timeoutSeconds":null,"minInstances":null,"maxInstances":null,"ingressSettings":null,"serviceAccountEmail":null,"vpc":null,"scheduleTrigger":{"schedule":"every 24 hours","retryConfig":{"retryCount":null,"maxDoublings":null,"maxRetryDuration":null,"maxBackoffDuration":null,"minBackoffDuration":null},"timeZone":null},"labels":{},"entryPoint":"deleteExpiredEvents"}},"specVersion":"v1alpha1","requiredAPIs":[{"api":"cloudscheduler.googleapis.com","reason":"Needed for scheduled functions."}]}
[info] i  extensions: ensuring required API firebaseextensions.googleapis.com is enabled... 
[debug] [2024-12-14T17:08:45.769Z] Checked if tokens are valid: true, expires at: 1734199133593
[debug] [2024-12-14T17:08:45.770Z] Checked if tokens are valid: true, expires at: 1734199133593
[debug] [2024-12-14T17:08:45.770Z] >>> [apiv2][query] GET https://serviceusage.googleapis.com/v1/projects/invite-me-32a07/services/firebaseextensions.googleapis.com [none]
[debug] [2024-12-14T17:08:45.770Z] >>> [apiv2][(partial)header] GET https://serviceusage.googleapis.com/v1/projects/invite-me-32a07/services/firebaseextensions.googleapis.com x-goog-quota-user=projects/invite-me-32a07
[debug] [2024-12-14T17:08:46.812Z] <<< [apiv2][status] GET https://serviceusage.googleapis.com/v1/projects/invite-me-32a07/services/firebaseextensions.googleapis.com 200
[debug] [2024-12-14T17:08:46.812Z] <<< [apiv2][body] GET https://serviceusage.googleapis.com/v1/projects/invite-me-32a07/services/firebaseextensions.googleapis.com [omitted]
[info] +  extensions: required API firebaseextensions.googleapis.com is enabled 
[debug] [2024-12-14T17:08:46.812Z] > command requires scopes: ["email","openid","https://www.googleapis.com/auth/cloudplatformprojects.readonly","https://www.googleapis.com/auth/firebase","https://www.googleapis.com/auth/cloud-platform"]
[debug] [2024-12-14T17:08:46.813Z] > authorizing via signed-in user (iiinvitee.me@gmail.com)
[debug] [2024-12-14T17:08:46.813Z] [iam] checking project invite-me-32a07 for permissions ["firebase.projects.get","firebaseextensions.instances.list"]
[debug] [2024-12-14T17:08:46.813Z] Checked if tokens are valid: true, expires at: 1734199133593
[debug] [2024-12-14T17:08:46.813Z] Checked if tokens are valid: true, expires at: 1734199133593
[debug] [2024-12-14T17:08:46.814Z] >>> [apiv2][query] POST https://cloudresourcemanager.googleapis.com/v1/projects/invite-me-32a07:testIamPermissions [none]
[debug] [2024-12-14T17:08:46.814Z] >>> [apiv2][(partial)header] POST https://cloudresourcemanager.googleapis.com/v1/projects/invite-me-32a07:testIamPermissions x-goog-quota-user=projects/invite-me-32a07
[debug] [2024-12-14T17:08:46.814Z] >>> [apiv2][body] POST https://cloudresourcemanager.googleapis.com/v1/projects/invite-me-32a07:testIamPermissions {"permissions":["firebase.projects.get","firebaseextensions.instances.list"]}
[debug] [2024-12-14T17:08:47.457Z] <<< [apiv2][status] POST https://cloudresourcemanager.googleapis.com/v1/projects/invite-me-32a07:testIamPermissions 200
[debug] [2024-12-14T17:08:47.457Z] <<< [apiv2][body] POST https://cloudresourcemanager.googleapis.com/v1/projects/invite-me-32a07:testIamPermissions {"permissions":["firebase.projects.get","firebaseextensions.instances.list"]}
[debug] [2024-12-14T17:08:47.458Z] Checked if tokens are valid: true, expires at: 1734199133593
[debug] [2024-12-14T17:08:47.458Z] Checked if tokens are valid: true, expires at: 1734199133593
[debug] [2024-12-14T17:08:47.458Z] >>> [apiv2][query] GET https://firebaseextensions.googleapis.com/v1beta/projects/invite-me-32a07/instances pageSize=100&pageToken=
[debug] [2024-12-14T17:08:48.281Z] <<< [apiv2][status] GET https://firebaseextensions.googleapis.com/v1beta/projects/invite-me-32a07/instances 200
[debug] [2024-12-14T17:08:48.282Z] <<< [apiv2][body] GET https://firebaseextensions.googleapis.com/v1beta/projects/invite-me-32a07/instances {}
[info] i  functions: preparing notification-functions directory for uploading... 
[info] i  functions: packaged C:\Users\coloi\desktop\detalles\invite-me\notification-functions (35.47 KB) for uploading 
[info] i  functions: preparing event_cleanup directory for uploading... 
[info] i  functions: packaged C:\Users\coloi\desktop\detalles\invite-me\event_cleanup (42.46 KB) for uploading 
[debug] [2024-12-14T17:08:48.377Z] Checked if tokens are valid: true, expires at: 1734199133593
[debug] [2024-12-14T17:08:48.377Z] Checked if tokens are valid: true, expires at: 1734199133593
[debug] [2024-12-14T17:08:48.378Z] >>> [apiv2][query] GET https://cloudfunctions.googleapis.com/v1/projects/invite-me-32a07/locations/-/functions [none]
[debug] [2024-12-14T17:08:49.026Z] <<< [apiv2][status] GET https://cloudfunctions.googleapis.com/v1/projects/invite-me-32a07/locations/-/functions 200
[debug] [2024-12-14T17:08:49.026Z] <<< [apiv2][body] GET https://cloudfunctions.googleapis.com/v1/projects/invite-me-32a07/locations/-/functions {"functions":[{"name":"projects/invite-me-32a07/locations/us-central1/functions/sendNotificationOnEvent","eventTrigger":{"eventType":"providers/cloud.firestore/eventTypes/document.create","resource":"projects/invite-me-32a07/databases/(default)/documents/users/{userId}/notifications/{notificationId}","service":"firestore.googleapis.com","failurePolicy":{}},"status":"ACTIVE","entryPoint":"sendNotificationOnEvent","timeout":"60s","availableMemoryMb":256,"serviceAccountEmail":"invite-me-32a07@appspot.gserviceaccount.com","updateTime":"2024-11-13T02:43:44.442434199Z","versionId":"1","labels":{"deployment-tool":"cli-firebase","firebase-functions-hash":"24d21ccc956ce05302a6f7e4f507ded204316683"},"sourceUploadUrl":"https://storage.googleapis.com/uploads-866085654949.us-central1.cloudfunctions.appspot.com/6648e471-921c-477f-9cea-1c9a959855dd.zip","environmentVariables":{"FIREBASE_CONFIG":"{\"projectId\":\"invite-me-32a07\",\"storageBucket\":\"invite-me-32a07.appspot.com\",\"locationId\":\"europe-west\"}","GCLOUD_PROJECT":"invite-me-32a07","EVENTARC_CLOUD_EVENT_SOURCE":"projects/invite-me-32a07/locations/us-central1/functions/sendNotificationOnEvent"},"runtime":"nodejs16","maxInstances":3000,"ingressSettings":"ALLOW_ALL","buildId":"26bacd22-0998-485f-bbf2-188cc1e74ca9","buildEnvironmentVariables":{"GOOGLE_NODE_RUN_SCRIPTS":""},"buildName":"projects/1003756781656/locations/us-central1/builds/26bacd22-0998-485f-bbf2-188cc1e74ca9","dockerRegistry":"ARTIFACT_REGISTRY","automaticUpdatePolicy":{},"buildServiceAccount":"projects/invite-me-32a07/serviceAccounts/1003756781656-compute@developer.gserviceaccount.com"}]}
[debug] [2024-12-14T17:08:49.027Z] Checked if tokens are valid: true, expires at: 1734199133593
[debug] [2024-12-14T17:08:49.027Z] Checked if tokens are valid: true, expires at: 1734199133593
[debug] [2024-12-14T17:08:49.027Z] >>> [apiv2][query] GET https://cloudfunctions.googleapis.com/v2/projects/invite-me-32a07/locations/-/functions filter=environment%3D%22GEN_2%22
[debug] [2024-12-14T17:08:49.978Z] <<< [apiv2][status] GET https://cloudfunctions.googleapis.com/v2/projects/invite-me-32a07/locations/-/functions 200
[debug] [2024-12-14T17:08:49.979Z] <<< [apiv2][body] GET https://cloudfunctions.googleapis.com/v2/projects/invite-me-32a07/locations/-/functions {}
[info] i  functions: ensuring required API cloudscheduler.googleapis.com is enabled... 
[debug] [2024-12-14T17:08:49.982Z] Checked if tokens are valid: true, expires at: 1734199133593
[debug] [2024-12-14T17:08:49.982Z] Checked if tokens are valid: true, expires at: 1734199133593
[debug] [2024-12-14T17:08:49.982Z] >>> [apiv2][query] GET https://serviceusage.googleapis.com/v1/projects/invite-me-32a07/services/cloudscheduler.googleapis.com [none]
[debug] [2024-12-14T17:08:49.982Z] >>> [apiv2][(partial)header] GET https://serviceusage.googleapis.com/v1/projects/invite-me-32a07/services/cloudscheduler.googleapis.com x-goog-quota-user=projects/invite-me-32a07
[debug] [2024-12-14T17:08:50.746Z] <<< [apiv2][status] GET https://serviceusage.googleapis.com/v1/projects/invite-me-32a07/services/cloudscheduler.googleapis.com 200
[debug] [2024-12-14T17:08:50.746Z] <<< [apiv2][body] GET https://serviceusage.googleapis.com/v1/projects/invite-me-32a07/services/cloudscheduler.googleapis.com [omitted]
[info] +  functions: required API cloudscheduler.googleapis.com is enabled 
[debug] [2024-12-14T17:08:50.749Z] Checked if tokens are valid: true, expires at: 1734199133593
[debug] [2024-12-14T17:08:50.749Z] Checked if tokens are valid: true, expires at: 1734199133593
[debug] [2024-12-14T17:08:50.749Z] >>> [apiv2][query] GET https://cloudresourcemanager.googleapis.com/v1/projects/invite-me-32a07 [none]
[debug] [2024-12-14T17:08:50.932Z] <<< [apiv2][status] GET https://cloudresourcemanager.googleapis.com/v1/projects/invite-me-32a07 200
[debug] [2024-12-14T17:08:50.933Z] <<< [apiv2][body] GET https://cloudresourcemanager.googleapis.com/v1/projects/invite-me-32a07 {"projectNumber":"1003756781656","projectId":"invite-me-32a07","lifecycleState":"ACTIVE","name":"Invite-Me","labels":{"firebase":"enabled"},"createTime":"2024-10-17T14:10:25.356174Z"}
[debug] [2024-12-14T17:08:50.934Z] Checked if tokens are valid: true, expires at: 1734199133593
[debug] [2024-12-14T17:08:50.934Z] Checked if tokens are valid: true, expires at: 1734199133593
[debug] [2024-12-14T17:08:50.934Z] >>> [apiv2][query] GET https://cloudbilling.googleapis.com/v1/projects/invite-me-32a07/billingInfo [none]
[debug] [2024-12-14T17:08:51.701Z] <<< [apiv2][status] GET https://cloudbilling.googleapis.com/v1/projects/invite-me-32a07/billingInfo 200
[debug] [2024-12-14T17:08:51.701Z] <<< [apiv2][body] GET https://cloudbilling.googleapis.com/v1/projects/invite-me-32a07/billingInfo {"name":"projects/invite-me-32a07/billingInfo","projectId":"invite-me-32a07","billingAccountName":"billingAccounts/014EDA-9C617F-ECBBF5","billingEnabled":true}
[debug] [2024-12-14T17:08:51.703Z] Checked if tokens are valid: true, expires at: 1734199133593
[debug] [2024-12-14T17:08:51.703Z] Checked if tokens are valid: true, expires at: 1734199133593
[debug] [2024-12-14T17:08:51.703Z] Checked if tokens are valid: true, expires at: 1734199133593
[debug] [2024-12-14T17:08:51.703Z] Checked if tokens are valid: true, expires at: 1734199133593
[debug] [2024-12-14T17:08:51.703Z] >>> [apiv2][query] POST https://cloudfunctions.googleapis.com/v1/projects/invite-me-32a07/locations/us-central1/functions:generateUploadUrl [none]
[debug] [2024-12-14T17:08:51.703Z] >>> [apiv2][body] POST https://cloudfunctions.googleapis.com/v1/projects/invite-me-32a07/locations/us-central1/functions:generateUploadUrl {}
[debug] [2024-12-14T17:08:51.704Z] >>> [apiv2][query] POST https://cloudfunctions.googleapis.com/v1/projects/invite-me-32a07/locations/us-central1/functions:generateUploadUrl [none]
[debug] [2024-12-14T17:08:51.704Z] >>> [apiv2][body] POST https://cloudfunctions.googleapis.com/v1/projects/invite-me-32a07/locations/us-central1/functions:generateUploadUrl {}
[debug] [2024-12-14T17:08:52.343Z] <<< [apiv2][status] POST https://cloudfunctions.googleapis.com/v1/projects/invite-me-32a07/locations/us-central1/functions:generateUploadUrl 200
[debug] [2024-12-14T17:08:52.344Z] <<< [apiv2][body] POST https://cloudfunctions.googleapis.com/v1/projects/invite-me-32a07/locations/us-central1/functions:generateUploadUrl {"uploadUrl":"https://storage.googleapis.com/uploads-866085654949.us-central1.cloudfunctions.appspot.com/0deae9e0-e834-4447-95d1-594293b88bed.zip?GoogleAccessId=service-1003756781656@gcf-admin-robot.iam.gserviceaccount.com&Expires=1734197928&Signature=L0OZkwMAq81ZYtdI76OsRi7LMi6x8PkOg8qSYlTTt%2Fd%2Bgcz0nidWy6VK8oRYPmP4286Ze3Cqezt3cKRVeDzdu7KTwEovnksGCmIOPWs8WZZb%2FRufU1MD%2FoDr5UNsSYmL5VW7VvZcHAhNDIVL%2Ba%2Bsd4ropOdIfJV228Xki1V0rfDwYMltb0pcqFPs3Twxv4jfaMc0hLNZOCeqvUPOLhgNv38xd3XGWcAh1BjXSUhYvvK6pEwMLaDH5opMTkPEi%2B%2Bzhho2JUNKco%2Ff6u4Auj%2FbEm83yLigB1iuj2mGNfkx2%2FEEcBDB0nQ7ejJKD6qZ2p%2F3S5Mv4D%2B464q%2FZH6zGASRzQ%3D%3D"}
[debug] [2024-12-14T17:08:52.345Z] >>> [apiv2][query] PUT https://storage.googleapis.com/uploads-866085654949.us-central1.cloudfunctions.appspot.com/0deae9e0-e834-4447-95d1-594293b88bed.zip GoogleAccessId=service-1003756781656%40gcf-admin-robot.iam.gserviceaccount.com&Expires=1734197928&Signature=L0OZkwMAq81ZYtdI76OsRi7LMi6x8PkOg8qSYlTTt%2Fd%2Bgcz0nidWy6VK8oRYPmP4286Ze3Cqezt3cKRVeDzdu7KTwEovnksGCmIOPWs8WZZb%2FRufU1MD%2FoDr5UNsSYmL5VW7VvZcHAhNDIVL%2Ba%2Bsd4ropOdIfJV228Xki1V0rfDwYMltb0pcqFPs3Twxv4jfaMc0hLNZOCeqvUPOLhgNv38xd3XGWcAh1BjXSUhYvvK6pEwMLaDH5opMTkPEi%2B%2Bzhho2JUNKco%2Ff6u4Auj%2FbEm83yLigB1iuj2mGNfkx2%2FEEcBDB0nQ7ejJKD6qZ2p%2F3S5Mv4D%2B464q%2FZH6zGASRzQ%3D%3D
[debug] [2024-12-14T17:08:52.345Z] >>> [apiv2][body] PUT https://storage.googleapis.com/uploads-866085654949.us-central1.cloudfunctions.appspot.com/0deae9e0-e834-4447-95d1-594293b88bed.zip [stream]
[debug] [2024-12-14T17:08:52.396Z] <<< [apiv2][status] POST https://cloudfunctions.googleapis.com/v1/projects/invite-me-32a07/locations/us-central1/functions:generateUploadUrl 200
[debug] [2024-12-14T17:08:52.396Z] <<< [apiv2][body] POST https://cloudfunctions.googleapis.com/v1/projects/invite-me-32a07/locations/us-central1/functions:generateUploadUrl {"uploadUrl":"https://storage.googleapis.com/uploads-866085654949.us-central1.cloudfunctions.appspot.com/2b795b03-058c-42b1-b9ad-f77a8bf88a8f.zip?GoogleAccessId=service-1003756781656@gcf-admin-robot.iam.gserviceaccount.com&Expires=1734197928&Signature=tGnCkHpyjTyc6Dp857nFnlAsH8sffIXeRuhK%2FapOxo5xscZZ4%2FRB%2FP1CIDkSyucBgF6WsDIwuFDg44%2FxEH2Xjlk157RvxhNSo9WvBWJrqkqDt%2BqCB6Fpveiv1TBXriABFqkLvTpEpi7Utmz9K%2B%2BPOETeeU5LvHdCvj4SOwnu0aSOPSRqx2VkrUm1mDeCCnDjhmt9hd0fpuS%2BQTsUadjUBZNFBaRBLbXRyUjrtL9CoDwxJgX7NUvutljuFysAddJuchU7us4BRxFi3ixGnpI5Uh4%2B9JU%2FKj1FjRk69%2FHkFxGAm%2BtXvlgbxlbr%2Bt5gt8gHqfKaT1%2BCXbKItiXBudEVNg%3D%3D"}
[debug] [2024-12-14T17:08:52.396Z] >>> [apiv2][query] PUT https://storage.googleapis.com/uploads-866085654949.us-central1.cloudfunctions.appspot.com/2b795b03-058c-42b1-b9ad-f77a8bf88a8f.zip GoogleAccessId=service-1003756781656%40gcf-admin-robot.iam.gserviceaccount.com&Expires=1734197928&Signature=tGnCkHpyjTyc6Dp857nFnlAsH8sffIXeRuhK%2FapOxo5xscZZ4%2FRB%2FP1CIDkSyucBgF6WsDIwuFDg44%2FxEH2Xjlk157RvxhNSo9WvBWJrqkqDt%2BqCB6Fpveiv1TBXriABFqkLvTpEpi7Utmz9K%2B%2BPOETeeU5LvHdCvj4SOwnu0aSOPSRqx2VkrUm1mDeCCnDjhmt9hd0fpuS%2BQTsUadjUBZNFBaRBLbXRyUjrtL9CoDwxJgX7NUvutljuFysAddJuchU7us4BRxFi3ixGnpI5Uh4%2B9JU%2FKj1FjRk69%2FHkFxGAm%2BtXvlgbxlbr%2Bt5gt8gHqfKaT1%2BCXbKItiXBudEVNg%3D%3D
[debug] [2024-12-14T17:08:52.396Z] >>> [apiv2][body] PUT https://storage.googleapis.com/uploads-866085654949.us-central1.cloudfunctions.appspot.com/2b795b03-058c-42b1-b9ad-f77a8bf88a8f.zip [stream]
[debug] [2024-12-14T17:08:52.799Z] <<< [apiv2][status] PUT https://storage.googleapis.com/uploads-866085654949.us-central1.cloudfunctions.appspot.com/0deae9e0-e834-4447-95d1-594293b88bed.zip 200
[debug] [2024-12-14T17:08:52.799Z] <<< [apiv2][body] PUT https://storage.googleapis.com/uploads-866085654949.us-central1.cloudfunctions.appspot.com/0deae9e0-e834-4447-95d1-594293b88bed.zip [omitted]
[info] +  functions: event_cleanup folder uploaded successfully 
[debug] [2024-12-14T17:08:52.822Z] <<< [apiv2][status] PUT https://storage.googleapis.com/uploads-866085654949.us-central1.cloudfunctions.appspot.com/2b795b03-058c-42b1-b9ad-f77a8bf88a8f.zip 200
[debug] [2024-12-14T17:08:52.822Z] <<< [apiv2][body] PUT https://storage.googleapis.com/uploads-866085654949.us-central1.cloudfunctions.appspot.com/2b795b03-058c-42b1-b9ad-f77a8bf88a8f.zip [omitted]
[info] +  functions: notification-functions folder uploaded successfully 
[info] i  functions: creating Node.js 22 (1st Gen) function event_cleanup:deleteExpiredEvents(us-central1)... 
[debug] [2024-12-14T17:08:52.827Z] Checked if tokens are valid: true, expires at: 1734199133593
[debug] [2024-12-14T17:08:52.827Z] Checked if tokens are valid: true, expires at: 1734199133593
[debug] [2024-12-14T17:08:52.827Z] >>> [apiv2][query] POST https://cloudfunctions.googleapis.com/v1/projects/invite-me-32a07/locations/us-central1/functions [none]
[debug] [2024-12-14T17:08:52.827Z] >>> [apiv2][body] POST https://cloudfunctions.googleapis.com/v1/projects/invite-me-32a07/locations/us-central1/functions {"name":"projects/invite-me-32a07/locations/us-central1/functions/deleteExpiredEvents","sourceUploadUrl":"https://storage.googleapis.com/uploads-866085654949.us-central1.cloudfunctions.appspot.com/0deae9e0-e834-4447-95d1-594293b88bed.zip?GoogleAccessId=service-1003756781656@gcf-admin-robot.iam.gserviceaccount.com&Expires=1734197928&Signature=L0OZkwMAq81ZYtdI76OsRi7LMi6x8PkOg8qSYlTTt%2Fd%2Bgcz0nidWy6VK8oRYPmP4286Ze3Cqezt3cKRVeDzdu7KTwEovnksGCmIOPWs8WZZb%2FRufU1MD%2FoDr5UNsSYmL5VW7VvZcHAhNDIVL%2Ba%2Bsd4ropOdIfJV228Xki1V0rfDwYMltb0pcqFPs3Twxv4jfaMc0hLNZOCeqvUPOLhgNv38xd3XGWcAh1BjXSUhYvvK6pEwMLaDH5opMTkPEi%2B%2Bzhho2JUNKco%2Ff6u4Auj%2FbEm83yLigB1iuj2mGNfkx2%2FEEcBDB0nQ7ejJKD6qZ2p%2F3S5Mv4D%2B464q%2FZH6zGASRzQ%3D%3D","entryPoint":"deleteExpiredEvents","runtime":"nodejs22","dockerRegistry":"ARTIFACT_REGISTRY","labels":{"deployment-tool":"cli-firebase","deployment-scheduled":"true","firebase-functions-codebase":"event_cleanup","firebase-functions-hash":"3bf7df4ba68d96edffae2a4d5ccf9c16d13fd5d2"},"eventTrigger":{"eventType":"google.pubsub.topic.publish","resource":"projects/invite-me-32a07/topics/firebase-schedule-deleteExpiredEvents-us-central1"},"minInstances":null,"maxInstances":null,"ingressSettings":null,"environmentVariables":{"FIREBASE_CONFIG":"{\"projectId\":\"invite-me-32a07\",\"storageBucket\":\"invite-me-32a07.appspot.com\",\"locationId\":\"europe-west\"}","GCLOUD_PROJECT":"invite-me-32a07","EVENTARC_CLOUD_EVENT_SOURCE":"projects/invite-me-32a07/locations/us-central1/functions/deleteExpiredEvents"},"serviceAccountEmail":null,"availableMemoryMb":null,"timeout":null,"vpcConnector":null,"vpcConnectorEgressSettings":null,"buildEnvironmentVariables":{"GOOGLE_NODE_RUN_SCRIPTS":""}}
[debug] [2024-12-14T17:08:53.197Z] <<< [apiv2][status] POST https://cloudfunctions.googleapis.com/v1/projects/invite-me-32a07/locations/us-central1/functions 400
[debug] [2024-12-14T17:08:53.197Z] <<< [apiv2][body] POST https://cloudfunctions.googleapis.com/v1/projects/invite-me-32a07/locations/us-central1/functions {"error":{"code":400,"message":"Failed to create 1st Gen function projects/invite-me-32a07/locations/us-central1/functions/deleteExpiredEvents: runtime: Runtime validation errors: [error_code: INVALID_RUNTIME\nmessage: \"Runtime \\\"nodejs22\\\" is not supported on GCF Gen1\"\n]","status":"INVALID_ARGUMENT"}}
[warn] !  functions: failed to create function projects/invite-me-32a07/locations/us-central1/functions/deleteExpiredEvents 
[error] Failed to create function projects/invite-me-32a07/locations/us-central1/functions/deleteExpiredEvents
[debug] [2024-12-14T17:08:53.207Z] Total Function Deployment time: 375
[debug] [2024-12-14T17:08:53.207Z] 1 Functions Deployed
[debug] [2024-12-14T17:08:53.207Z] 1 Functions Errored
[debug] [2024-12-14T17:08:53.207Z] 0 Function Deployments Aborted
[debug] [2024-12-14T17:08:53.207Z] Average Function Deployment time: 374
[info] 
[info] Functions deploy had errors with the following functions:
	event_cleanup:deleteExpiredEvents(us-central1)
[info] i  functions: cleaning up build files... 
[debug] [2024-12-14T17:08:53.315Z] Checked if tokens are valid: true, expires at: 1734199133593
[debug] [2024-12-14T17:08:53.316Z] Checked if tokens are valid: true, expires at: 1734199133593
[debug] [2024-12-14T17:08:53.316Z] Checked if tokens are valid: true, expires at: 1734199133593
[debug] [2024-12-14T17:08:53.316Z] Checked if tokens are valid: true, expires at: 1734199133593
[debug] [2024-12-14T17:08:53.316Z] Checked if tokens are valid: true, expires at: 1734199133593
[debug] [2024-12-14T17:08:53.316Z] Checked if tokens are valid: true, expires at: 1734199133593
[debug] [2024-12-14T17:08:53.316Z] Checked if tokens are valid: true, expires at: 1734199133593
[debug] [2024-12-14T17:08:53.316Z] Checked if tokens are valid: true, expires at: 1734199133593
[debug] [2024-12-14T17:08:53.316Z] Checked if tokens are valid: true, expires at: 1734199133593
[debug] [2024-12-14T17:08:53.316Z] Checked if tokens are valid: true, expires at: 1734199133593
[debug] [2024-12-14T17:08:53.317Z] Checked if tokens are valid: true, expires at: 1734199133593
[debug] [2024-12-14T17:08:53.317Z] Checked if tokens are valid: true, expires at: 1734199133593
[debug] [2024-12-14T17:08:53.317Z] >>> [apiv2][query] DELETE https://artifactregistry.googleapis.com/v1beta2/projects/invite-me-32a07/locations/us-central1/repositories/gcf-artifacts/packages/send_friend_request_notification [none]
[debug] [2024-12-14T17:08:53.318Z] >>> [apiv2][query] DELETE https://artifactregistry.googleapis.com/v1beta2/projects/invite-me-32a07/locations/us-central1/repositories/gcf-artifacts/packages/send_like_notification [none]
[debug] [2024-12-14T17:08:53.320Z] >>> [apiv2][query] DELETE https://artifactregistry.googleapis.com/v1beta2/projects/invite-me-32a07/locations/us-central1/repositories/gcf-artifacts/packages/send_event_notification [none]
[debug] [2024-12-14T17:08:53.321Z] >>> [apiv2][query] DELETE https://artifactregistry.googleapis.com/v1beta2/projects/invite-me-32a07/locations/us-central1/repositories/gcf-artifacts/packages/send_general_notification [none]
[debug] [2024-12-14T17:08:53.322Z] >>> [apiv2][query] DELETE https://artifactregistry.googleapis.com/v1beta2/projects/invite-me-32a07/locations/us-central1/repositories/gcf-artifacts/packages/delete_expired_events [none]
[debug] [2024-12-14T17:08:53.323Z] >>> [apiv2][query] GET https://us.gcr.io/v2/invite-me-32a07/gcf/us-central1/tags/list [none]
[debug] [2024-12-14T17:08:53.800Z] <<< [apiv2][status] GET https://us.gcr.io/v2/invite-me-32a07/gcf/us-central1/tags/list 404
[debug] [2024-12-14T17:08:53.800Z] <<< [apiv2][body] GET https://us.gcr.io/v2/invite-me-32a07/gcf/us-central1/tags/list {"errors":[{"code":"NAME_UNKNOWN","message":"Repository \"us.gcr.io\" not found"}]}
[debug] [2024-12-14T17:08:53.801Z] Failed docker command with error  Request to https://us.gcr.io/v2/invite-me-32a07/gcf/us-central1/tags/list had HTTP Error: 404, Not Found {"name":"FirebaseError","children":[],"context":{"body":{"errors":[{"code":"NAME_UNKNOWN","message":"Repository \"us.gcr.io\" not found"}],"error":{"message":"Not Found"}},"response":{"statusCode":404}},"exit":1,"message":"Request to https://us.gcr.io/v2/invite-me-32a07/gcf/us-central1/tags/list had HTTP Error: 404, Not Found","status":404}
[debug] [2024-12-14T17:08:53.801Z] Checked if tokens are valid: true, expires at: 1734199133593
[debug] [2024-12-14T17:08:53.801Z] Checked if tokens are valid: true, expires at: 1734199133593
[debug] [2024-12-14T17:08:53.801Z] >>> [apiv2][query] GET https://us.gcr.io/v2/invite-me-32a07/gcf/us-central1/tags/list [none]
[debug] [2024-12-14T17:08:54.046Z] <<< [apiv2][status] GET https://us.gcr.io/v2/invite-me-32a07/gcf/us-central1/tags/list 404
[debug] [2024-12-14T17:08:54.046Z] <<< [apiv2][body] GET https://us.gcr.io/v2/invite-me-32a07/gcf/us-central1/tags/list {"errors":[{"code":"NAME_UNKNOWN","message":"Repository \"us.gcr.io\" not found"}]}
[debug] [2024-12-14T17:08:54.046Z] Failed docker command with error  Request to https://us.gcr.io/v2/invite-me-32a07/gcf/us-central1/tags/list had HTTP Error: 404, Not Found {"name":"FirebaseError","children":[],"context":{"body":{"errors":[{"code":"NAME_UNKNOWN","message":"Repository \"us.gcr.io\" not found"}],"error":{"message":"Not Found"}},"response":{"statusCode":404}},"exit":1,"message":"Request to https://us.gcr.io/v2/invite-me-32a07/gcf/us-central1/tags/list had HTTP Error: 404, Not Found","status":404}
[debug] [2024-12-14T17:08:54.126Z] <<< [apiv2][status] DELETE https://artifactregistry.googleapis.com/v1beta2/projects/invite-me-32a07/locations/us-central1/repositories/gcf-artifacts/packages/send_general_notification 404
[debug] [2024-12-14T17:08:54.126Z] <<< [apiv2][body] DELETE https://artifactregistry.googleapis.com/v1beta2/projects/invite-me-32a07/locations/us-central1/repositories/gcf-artifacts/packages/send_general_notification {"error":{"code":404,"message":"Package \"projects/invite-me-32a07/locations/us-central1/repositories/gcf-artifacts/packages/send_general_notification\" was not found.","status":"NOT_FOUND"}}
[debug] [2024-12-14T17:08:54.133Z] <<< [apiv2][status] DELETE https://artifactregistry.googleapis.com/v1beta2/projects/invite-me-32a07/locations/us-central1/repositories/gcf-artifacts/packages/send_event_notification 404
[debug] [2024-12-14T17:08:54.134Z] <<< [apiv2][body] DELETE https://artifactregistry.googleapis.com/v1beta2/projects/invite-me-32a07/locations/us-central1/repositories/gcf-artifacts/packages/send_event_notification {"error":{"code":404,"message":"Package \"projects/invite-me-32a07/locations/us-central1/repositories/gcf-artifacts/packages/send_event_notification\" was not found.","status":"NOT_FOUND"}}
[debug] [2024-12-14T17:08:54.141Z] <<< [apiv2][status] DELETE https://artifactregistry.googleapis.com/v1beta2/projects/invite-me-32a07/locations/us-central1/repositories/gcf-artifacts/packages/send_like_notification 404
[debug] [2024-12-14T17:08:54.141Z] <<< [apiv2][body] DELETE https://artifactregistry.googleapis.com/v1beta2/projects/invite-me-32a07/locations/us-central1/repositories/gcf-artifacts/packages/send_like_notification {"error":{"code":404,"message":"Package \"projects/invite-me-32a07/locations/us-central1/repositories/gcf-artifacts/packages/send_like_notification\" was not found.","status":"NOT_FOUND"}}
[debug] [2024-12-14T17:08:54.150Z] Checked if tokens are valid: true, expires at: 1734199133593
[debug] [2024-12-14T17:08:54.150Z] Checked if tokens are valid: true, expires at: 1734199133593
[debug] [2024-12-14T17:08:54.150Z] >>> [apiv2][query] GET https://us.gcr.io/v2/invite-me-32a07/gcf/us-central1/tags/list [none]
[debug] [2024-12-14T17:08:54.151Z] <<< [apiv2][status] DELETE https://artifactregistry.googleapis.com/v1beta2/projects/invite-me-32a07/locations/us-central1/repositories/gcf-artifacts/packages/delete_expired_events 404
[debug] [2024-12-14T17:08:54.151Z] <<< [apiv2][body] DELETE https://artifactregistry.googleapis.com/v1beta2/projects/invite-me-32a07/locations/us-central1/repositories/gcf-artifacts/packages/delete_expired_events {"error":{"code":404,"message":"Package \"projects/invite-me-32a07/locations/us-central1/repositories/gcf-artifacts/packages/delete_expired_events\" was not found.","status":"NOT_FOUND"}}
[debug] [2024-12-14T17:08:54.163Z] <<< [apiv2][status] DELETE https://artifactregistry.googleapis.com/v1beta2/projects/invite-me-32a07/locations/us-central1/repositories/gcf-artifacts/packages/send_friend_request_notification 404
[debug] [2024-12-14T17:08:54.163Z] <<< [apiv2][body] DELETE https://artifactregistry.googleapis.com/v1beta2/projects/invite-me-32a07/locations/us-central1/repositories/gcf-artifacts/packages/send_friend_request_notification {"error":{"code":404,"message":"Package \"projects/invite-me-32a07/locations/us-central1/repositories/gcf-artifacts/packages/send_friend_request_notification\" was not found.","status":"NOT_FOUND"}}
[debug] [2024-12-14T17:08:54.392Z] <<< [apiv2][status] GET https://us.gcr.io/v2/invite-me-32a07/gcf/us-central1/tags/list 404
[debug] [2024-12-14T17:08:54.393Z] <<< [apiv2][body] GET https://us.gcr.io/v2/invite-me-32a07/gcf/us-central1/tags/list {"errors":[{"code":"NAME_UNKNOWN","message":"Repository \"us.gcr.io\" not found"}]}
[debug] [2024-12-14T17:08:54.393Z] Failed docker command with error  Request to https://us.gcr.io/v2/invite-me-32a07/gcf/us-central1/tags/list had HTTP Error: 404, Not Found {"name":"FirebaseError","children":[],"context":{"body":{"errors":[{"code":"NAME_UNKNOWN","message":"Repository \"us.gcr.io\" not found"}],"error":{"message":"Not Found"}},"response":{"statusCode":404}},"exit":1,"message":"Request to https://us.gcr.io/v2/invite-me-32a07/gcf/us-central1/tags/list had HTTP Error: 404, Not Found","status":404}
[warn] !  functions: Unhandled error cleaning up build images. This could result in a small monthly bill if not corrected. You can attempt to delete these images by redeploying or you can delete them manually at https://console.cloud.google.com/gcr/images/invite-me-32a07/us/gcf 
[debug] [2024-12-14T17:08:54.394Z] Functions deploy failed.
[debug] [2024-12-14T17:08:54.394Z] {
  "endpoint": {
    "id": "deleteExpiredEvents",
    "project": "invite-me-32a07",
    "region": "us-central1",
    "entryPoint": "deleteExpiredEvents",
    "platform": "gcfv1",
    "runtime": "nodejs22",
    "scheduleTrigger": {
      "schedule": "every 24 hours",
      "timeZone": null,
      "retryConfig": {
        "maxBackoffSeconds": null,
        "minBackoffSeconds": null,
        "maxRetrySeconds": null,
        "retryCount": null,
        "maxDoublings": null
      }
    },
    "labels": {
      "deployment-tool": "cli-firebase"
    },
    "ingressSettings": null,
    "availableMemoryMb": null,
    "serviceAccount": null,
    "timeoutSeconds": null,
    "maxInstances": null,
    "minInstances": null,
    "vpc": null,
    "environmentVariables": {
      "FIREBASE_CONFIG": "{\"projectId\":\"invite-me-32a07\",\"storageBucket\":\"invite-me-32a07.appspot.com\",\"locationId\":\"europe-west\"}",
      "GCLOUD_PROJECT": "invite-me-32a07",
      "EVENTARC_CLOUD_EVENT_SOURCE": "projects/invite-me-32a07/locations/us-central1/functions/deleteExpiredEvents"
    },
    "codebase": "event_cleanup",
    "targetedByOnly": true,
    "hash": "3bf7df4ba68d96edffae2a4d5ccf9c16d13fd5d2"
  },
  "op": "create",
  "original": {
    "name": "FirebaseError",
    "children": [],
    "context": {
      "function": "projects/invite-me-32a07/locations/us-central1/functions/deleteExpiredEvents"
    },
    "exit": 1,
    "message": "Failed to create function projects/invite-me-32a07/locations/us-central1/functions/deleteExpiredEvents",
    "original": {
      "name": "FirebaseError",
      "children": [],
      "context": {
        "body": {
          "error": {
            "code": 400,
            "message": "Failed to create 1st Gen function projects/invite-me-32a07/locations/us-central1/functions/deleteExpiredEvents: runtime: Runtime validation errors: [error_code: INVALID_RUNTIME\nmessage: \"Runtime \\\"nodejs22\\\" is not supported on GCF Gen1\"\n]",
            "status": "INVALID_ARGUMENT"
          }
        },
        "response": {
          "statusCode": 400
        }
      },
      "exit": 1,
      "message": "Request to https://cloudfunctions.googleapis.com/v1/projects/invite-me-32a07/locations/us-central1/functions had HTTP Error: 400, Failed to create 1st Gen function projects/invite-me-32a07/locations/us-central1/functions/deleteExpiredEvents: runtime: Runtime validation errors: [error_code: INVALID_RUNTIME\nmessage: \"Runtime \\\"nodejs22\\\" is not supported on GCF Gen1\"\n]",
      "status": 400
    },
    "status": 400,
    "code": 400
  }
}
[debug] [2024-12-14T17:08:54.433Z] Error: Failed to create function deleteExpiredEvents in region us-central1
    at C:\Users\coloi\AppData\Roaming\npm\node_modules\firebase-tools\lib\deploy\functions\release\fabricator.js:52:11
    at process.processTicksAndRejections (node:internal/process/task_queues:105:5)
    at async Fabricator.createV1Function (C:\Users\coloi\AppData\Roaming\npm\node_modules\firebase-tools\lib\deploy\functions\release\fabricator.js:182:32)
    at async Fabricator.createEndpoint (C:\Users\coloi\AppData\Roaming\npm\node_modules\firebase-tools\lib\deploy\functions\release\fabricator.js:134:13)
    at async handle (C:\Users\coloi\AppData\Roaming\npm\node_modules\firebase-tools\lib\deploy\functions\release\fabricator.js:89:17)
[error] 
[error] Error: There was an error deploying functions
